<?xml version="1.0" encoding="UTF-8"?>
<!-- Generated by org.testng.reporters.JUnitReportReporter -->
<testsuite skipped="0" hostname="DESKTOP-2Q7G472" name="com.Delivery.testpages.DeliveryAddress" tests="2" failures="0" timestamp="2021-04-04T11:54:36 IST" time="21.267" errors="0">
  <testcase name="verify_clickOnContinueAsGuest" time="21.203" classname="com.Delivery.testpages.DeliveryAddress"/>
  <system-out/>
  <testcase name="verify_next" time="0.064" classname="com.Delivery.testpages.DeliveryAddress"/>
  <system-out/>
</testsuite> <!-- com.Delivery.testpages.DeliveryAddress -->
