<?xml version="1.0" encoding="UTF-8"?>
<!-- Generated by org.testng.reporters.JUnitReportReporter -->
<testsuite skipped="0" hostname="DESKTOP-2Q7G472" name="com.weborder.testpages.LoginPageScreenTest" tests="3" failures="0" timestamp="2021-03-29T19:20:52 IST" time="13.012" errors="0">
  <testcase name="verify_clickOnBrowse_Menu" time="11.365" classname="com.weborder.testpages.LoginPageScreenTest"/>
  <system-out/>
  <testcase name="verify_clickOnLogin" time="0.366" classname="com.weborder.testpages.LoginPageScreenTest"/>
  <system-out/>
  <testcase name="verify_clickOnLogincreds" time="1.281" classname="com.weborder.testpages.LoginPageScreenTest"/>
  <system-out/>
</testsuite> <!-- com.weborder.testpages.LoginPageScreenTest -->
