<?xml version="1.0" encoding="UTF-8"?>
<!-- Generated by org.testng.reporters.JUnitReportReporter -->
<testsuite hostname="Fininfocom" failures="0" tests="1" name="com.webOrder.testPages.LoginPageTest" time="0.005" errors="0" timestamp="2021-03-18T14:01:05 IST" skipped="0">
  <testcase classname="com.webOrder.testPages.LoginPageTest" name="f" time="0.005"/>
  <system-out/>
</testsuite> <!-- com.webOrder.testPages.LoginPageTest -->
