<?xml version="1.0" encoding="UTF-8"?>
<!-- Generated by org.testng.reporters.JUnitReportReporter -->
<testsuite hostname="Fininfocom" failures="0" tests="3" name="com.webOrder.testPages.OrderTypePageTest" time="0.192" errors="0" timestamp="2021-03-23T17:20:56 IST" skipped="0">
  <testcase classname="com.webOrder.testPages.OrderTypePageTest" name="Verify_clickOnCollections" time="0.080"/>
  <system-out/>
  <testcase classname="com.webOrder.testPages.OrderTypePageTest" name="radioButton_selectNo" time="0.038"/>
  <system-out/>
  <testcase classname="com.webOrder.testPages.OrderTypePageTest" name="verify_Proceed" time="0.074"/>
  <system-out/>
</testsuite> <!-- com.webOrder.testPages.OrderTypePageTest -->
